Hmm ... looks like a package
Converting parsed Rd's to LaTeX .
Creating pdf output from LaTeX ...

This is pdfTeX, Version 3.141592653-2.6-1.40.27 (TeX Live 2025) (preloaded format=pdflatex)
 restricted \write18 enabled.
entering extended mode
LaTeX2e <2024-11-01> patch level 2
L3 programming layer <2025-04-14>
(./Rd2.tex
(/opt/TinyTeX/texmf-dist/tex/latex/base/book.cls
Document Class: book 2024/06/29 v1.4n Standard LaTeX document class
(/opt/TinyTeX/texmf-dist/tex/latex/base/bk10.clo)) (/opt/R/4.4.1/lib/R/share/texmf/tex/latex/Rd.sty (/opt/TinyTeX/texmf-dist/tex/latex/base/ifthen.sty) (/opt/TinyTeX/texmf-dist/tex/generic/iftex/iftex.sty) (/opt/TinyTeX/texmf-dist/tex/latex/tools/longtable.sty) (/opt/TinyTeX/texmf-dist/tex/latex/tools/bm.sty) (/opt/TinyTeX/texmf-dist/tex/latex/base/alltt.sty) (/opt/TinyTeX/texmf-dist/tex/latex/tools/verbatim.sty) (/opt/TinyTeX/texmf-dist/tex/latex/url/url.sty) (/opt/TinyTeX/texmf-dist/tex/latex/base/textcomp.sty) (/opt/TinyTeX/texmf-dist/tex/latex/amsmath/amsmath.sty
For additional information on amsmath, use the `?' option.
(/opt/TinyTeX/texmf-dist/tex/latex/amsmath/amstext.sty (/opt/TinyTeX/texmf-dist/tex/latex/amsmath/amsgen.sty)) (/opt/TinyTeX/texmf-dist/tex/latex/amsmath/amsbsy.sty) (/opt/TinyTeX/texmf-dist/tex/latex/amsmath/amsopn.sty)) (/opt/TinyTeX/texmf-dist/tex/latex/amsfonts/amsfonts.sty) (/opt/TinyTeX/texmf-dist/tex/latex/amsfonts/amssymb.sty) (/opt/TinyTeX/texmf-dist/tex/latex/amsfonts/eucal.sty) (/opt/TinyTeX/texmf-dist/tex/latex/base/fontenc.sty) (/opt/TinyTeX/texmf-dist/tex/latex/psnfss/times.sty) (/opt/TinyTeX/texmf-dist/tex/latex/inconsolata/zi4.sty `inconsolata-zi4' v1.12, 2019/05/17 Text macros for Inconsolata (msharpe) (/opt/TinyTeX/texmf-dist/tex/latex/xkeyval/xkeyval.sty (/opt/TinyTeX/texmf-dist/tex/generic/xkeyval/xkeyval.tex (/opt/TinyTeX/texmf-dist/tex/generic/xkeyval/xkvutils.tex (/opt/TinyTeX/texmf-dist/tex/generic/xkeyval/keyval.tex))))) (/opt/TinyTeX/texmf-dist/tex/latex/graphics/color.sty (/opt/TinyTeX/texmf-dist/tex/latex/graphics-cfg/color.cfg) (/opt/TinyTeX/texmf-dist/tex/latex/graphics-def/pdftex.def) (/opt/TinyTeX/texmf-dist/tex/latex/graphics/mathcolor.ltx)) (/opt/TinyTeX/texmf-dist/tex/latex/hyperref/hyperref.sty (/opt/TinyTeX/texmf-dist/tex/latex/kvsetkeys/kvsetkeys.sty) (/opt/TinyTeX/texmf-dist/tex/generic/kvdefinekeys/kvdefinekeys.sty) (/opt/TinyTeX/texmf-dist/tex/generic/pdfescape/pdfescape.sty (/opt/TinyTeX/texmf-dist/tex/generic/ltxcmds/ltxcmds.sty) (/opt/TinyTeX/texmf-dist/tex/generic/pdftexcmds/pdftexcmds.sty (/opt/TinyTeX/texmf-dist/tex/generic/infwarerr/infwarerr.sty))) (/opt/TinyTeX/texmf-dist/tex/latex/hycolor/hycolor.sty) (/opt/TinyTeX/texmf-dist/tex/latex/hyperref/nameref.sty (/opt/TinyTeX/texmf-dist/tex/latex/refcount/refcount.sty) (/opt/TinyTeX/texmf-dist/tex/generic/gettitlestring/gettitlestring.sty (/opt/TinyTeX/texmf-dist/tex/latex/kvoptions/kvoptions.sty))) (/opt/TinyTeX/texmf-dist/tex/latex/etoolbox/etoolbox.sty) (/opt/TinyTeX/texmf-dist/tex/generic/stringenc/stringenc.sty) (/opt/TinyTeX/texmf-dist/tex/latex/hyperref/pd1enc.def) (/opt/TinyTeX/texmf-dist/tex/generic/intcalc/intcalc.sty) (/opt/TinyTeX/texmf-dist/tex/latex/hyperref/puenc.def) (/opt/TinyTeX/texmf-dist/tex/generic/bitset/bitset.sty (/opt/TinyTeX/texmf-dist/tex/generic/bigintcalc/bigintcalc.sty)) (/opt/TinyTeX/texmf-dist/tex/latex/base/atbegshi-ltx.sty)) (/opt/TinyTeX/texmf-dist/tex/latex/hyperref/hpdftex.def (/opt/TinyTeX/texmf-dist/tex/latex/base/atveryend-ltx.sty) (/opt/TinyTeX/texmf-dist/tex/latex/rerunfilecheck/rerunfilecheck.sty (/opt/TinyTeX/texmf-dist/tex/generic/uniquecounter/uniquecounter.sty)))) (/opt/TinyTeX/texmf-dist/tex/latex/base/makeidx.sty)
Writing index file Rd2.idx
(/opt/TinyTeX/texmf-dist/tex/latex/psnfss/t1ptm.fd) (/opt/TinyTeX/texmf-dist/tex/latex/l3backend/l3backend-pdftex.def)
No file Rd2.aux.
(/opt/TinyTeX/texmf-dist/tex/context/base/mkii/supp-pdf.mkii
[Loading MPS to PDF converter (version 2006.09.02).]
) (/opt/TinyTeX/texmf-dist/tex/latex/inconsolata/t1zi4.fd) (/opt/TinyTeX/texmf-dist/tex/latex/amsfonts/umsa.fd) (/opt/TinyTeX/texmf-dist/tex/latex/amsfonts/umsb.fd)
No file Rd2.toc.

[1{/opt/TinyTeX/texmf-var/fonts/map/pdftex/updmap/pdftex.map}{/opt/TinyTeX/texmf-dist/fonts/enc/dvips/base/8r.enc}{/opt/TinyTeX/texmf-dist/fonts/enc/dvips/inconsolata/i4-t1-0.enc}] (/opt/TinyTeX/texmf-dist/tex/latex/psnfss/ts1ptm.fd)
[2]
[3]
[4]
Overfull \hbox (2.13995pt too wide) in paragraph at lines 382--383
[]\T1/ptm/m/n/10 Fully spec-i-fied name of

Overfull \hbox (68.88725pt too wide) in paragraph at lines 384--385
[]\T1/ptm/m/n/10 Fully spec-i-fied name of the ta-ble in the database (e.g. \[db\].\[dbo\].\[table_name\]). 

Overfull \hbox (91.38725pt too wide) in paragraph at lines 386--387
[]\T1/ptm/m/n/10 Fully spec-i-fied name of the ta-ble in the database (e.g. \[db\].\[dbo\].\[table_name\])

Overfull \hbox (23.98851pt too wide) in paragraph at lines 388--389
[]\T1/ptm/m/n/10 The types of each col-umn in the database ta-ble (IN-TE-GER, DOU-BLE, TEXT, BOOLEAN,

[5]
Overfull \hbox (6.447pt too wide) in paragraph at lines 398--399
[]\T1/ptm/m/n/10 A func-tion that val-i-dates the data be-fore it is in-serted into the database. 

[6]
[7]
[8]
Overfull \hbox (9.24458pt too wide) in paragraph at lines 824--827
[]\T1/ptm/b/n/10 Method []\T1/zi4/m/n/10 print_dplyr_select()[]\T1/ptm/b/n/10 :  \T1/ptm/m/n/10 Prints a tem-plate dplyr::select call that you can eas-ily copy/paste

[9]
[10]
[11] (/opt/TinyTeX/texmf-dist/tex/latex/inconsolata/ts1zi4.fd)
[12{/opt/TinyTeX/texmf-dist/fonts/enc/dvips/inconsolata/i4-ts1.enc}]
[13]
[14]
Overfull \hbox (74.78088pt too wide) in paragraph at lines 1218--1219
[][][]$\T1/zi4/m/n/10 https : / / github . com / folkehelseinstituttet / surveillance _ data / blob / master / covid19 / _DOCUMENTATION _

[15]
[16]
[17]
[18]
[19]
No file Rd2.ind.

[20] (/tmp/RtmpvkMZNn/Rd2pdff6fdc454f4137/Rd2.aux)

Package rerunfilecheck Warning: File `Rd2.out' has changed.
(rerunfilecheck)                Rerun to get outlines right
(rerunfilecheck)                or use package `bookmark'.

 )
(see the transcript file for additional information)
pdfTeX warning (dest): name{Rfn.dbRemoveTable} has been referenced but does not exist, replaced by a fixed one


pdfTeX warning (dest): name{Rfn.dbConnect} has been referenced but does not exist, replaced by a fixed one

</opt/TinyTeX/texmf-dist/fonts/type1/public/inconsolata/Inconsolata-zi4r.pfb></opt/TinyTeX/texmf-dist/fonts/type1/urw/times/utmb8a.pfb></opt/TinyTeX/texmf-dist/fonts/type1/urw/times/utmr8a.pfb></opt/TinyTeX/texmf-dist/fonts/type1/urw/times/utmr8a.pfb></opt/TinyTeX/texmf-dist/fonts/type1/urw/times/utmri8a.pfb>
Output written on Rd2.pdf (20 pages, 113685 bytes).
Transcript written on Rd2.log.
This is makeindex, version 2.15 [TeX Live 2022/dev] (kpathsea + Thai support).
Scanning input file Rd2.idx....done (17 entries accepted, 0 rejected).
Sorting entries....done (72 comparisons).
Generating output file Rd2.ind....done (38 lines written, 0 warnings).
Output written in Rd2.ind.
Transcript written in Rd2.ilg.
This is pdfTeX, Version 3.141592653-2.6-1.40.27 (TeX Live 2025) (preloaded format=pdflatex)
 restricted \write18 enabled.
entering extended mode
LaTeX2e <2024-11-01> patch level 2
L3 programming layer <2025-04-14>
(./Rd2.tex
(/opt/TinyTeX/texmf-dist/tex/latex/base/book.cls
Document Class: book 2024/06/29 v1.4n Standard LaTeX document class
(/opt/TinyTeX/texmf-dist/tex/latex/base/bk10.clo)) (/opt/R/4.4.1/lib/R/share/texmf/tex/latex/Rd.sty (/opt/TinyTeX/texmf-dist/tex/latex/base/ifthen.sty) (/opt/TinyTeX/texmf-dist/tex/generic/iftex/iftex.sty) (/opt/TinyTeX/texmf-dist/tex/latex/tools/longtable.sty) (/opt/TinyTeX/texmf-dist/tex/latex/tools/bm.sty) (/opt/TinyTeX/texmf-dist/tex/latex/base/alltt.sty) (/opt/TinyTeX/texmf-dist/tex/latex/tools/verbatim.sty) (/opt/TinyTeX/texmf-dist/tex/latex/url/url.sty) (/opt/TinyTeX/texmf-dist/tex/latex/base/textcomp.sty) (/opt/TinyTeX/texmf-dist/tex/latex/amsmath/amsmath.sty
For additional information on amsmath, use the `?' option.
(/opt/TinyTeX/texmf-dist/tex/latex/amsmath/amstext.sty (/opt/TinyTeX/texmf-dist/tex/latex/amsmath/amsgen.sty)) (/opt/TinyTeX/texmf-dist/tex/latex/amsmath/amsbsy.sty) (/opt/TinyTeX/texmf-dist/tex/latex/amsmath/amsopn.sty)) (/opt/TinyTeX/texmf-dist/tex/latex/amsfonts/amsfonts.sty) (/opt/TinyTeX/texmf-dist/tex/latex/amsfonts/amssymb.sty) (/opt/TinyTeX/texmf-dist/tex/latex/amsfonts/eucal.sty) (/opt/TinyTeX/texmf-dist/tex/latex/base/fontenc.sty) (/opt/TinyTeX/texmf-dist/tex/latex/psnfss/times.sty) (/opt/TinyTeX/texmf-dist/tex/latex/inconsolata/zi4.sty `inconsolata-zi4' v1.12, 2019/05/17 Text macros for Inconsolata (msharpe) (/opt/TinyTeX/texmf-dist/tex/latex/xkeyval/xkeyval.sty (/opt/TinyTeX/texmf-dist/tex/generic/xkeyval/xkeyval.tex (/opt/TinyTeX/texmf-dist/tex/generic/xkeyval/xkvutils.tex (/opt/TinyTeX/texmf-dist/tex/generic/xkeyval/keyval.tex))))) (/opt/TinyTeX/texmf-dist/tex/latex/graphics/color.sty (/opt/TinyTeX/texmf-dist/tex/latex/graphics-cfg/color.cfg) (/opt/TinyTeX/texmf-dist/tex/latex/graphics-def/pdftex.def) (/opt/TinyTeX/texmf-dist/tex/latex/graphics/mathcolor.ltx)) (/opt/TinyTeX/texmf-dist/tex/latex/hyperref/hyperref.sty (/opt/TinyTeX/texmf-dist/tex/latex/kvsetkeys/kvsetkeys.sty) (/opt/TinyTeX/texmf-dist/tex/generic/kvdefinekeys/kvdefinekeys.sty) (/opt/TinyTeX/texmf-dist/tex/generic/pdfescape/pdfescape.sty (/opt/TinyTeX/texmf-dist/tex/generic/ltxcmds/ltxcmds.sty) (/opt/TinyTeX/texmf-dist/tex/generic/pdftexcmds/pdftexcmds.sty (/opt/TinyTeX/texmf-dist/tex/generic/infwarerr/infwarerr.sty))) (/opt/TinyTeX/texmf-dist/tex/latex/hycolor/hycolor.sty) (/opt/TinyTeX/texmf-dist/tex/latex/hyperref/nameref.sty (/opt/TinyTeX/texmf-dist/tex/latex/refcount/refcount.sty) (/opt/TinyTeX/texmf-dist/tex/generic/gettitlestring/gettitlestring.sty (/opt/TinyTeX/texmf-dist/tex/latex/kvoptions/kvoptions.sty))) (/opt/TinyTeX/texmf-dist/tex/latex/etoolbox/etoolbox.sty) (/opt/TinyTeX/texmf-dist/tex/generic/stringenc/stringenc.sty) (/opt/TinyTeX/texmf-dist/tex/latex/hyperref/pd1enc.def) (/opt/TinyTeX/texmf-dist/tex/generic/intcalc/intcalc.sty) (/opt/TinyTeX/texmf-dist/tex/latex/hyperref/puenc.def) (/opt/TinyTeX/texmf-dist/tex/generic/bitset/bitset.sty (/opt/TinyTeX/texmf-dist/tex/generic/bigintcalc/bigintcalc.sty)) (/opt/TinyTeX/texmf-dist/tex/latex/base/atbegshi-ltx.sty)) (/opt/TinyTeX/texmf-dist/tex/latex/hyperref/hpdftex.def (/opt/TinyTeX/texmf-dist/tex/latex/base/atveryend-ltx.sty) (/opt/TinyTeX/texmf-dist/tex/latex/rerunfilecheck/rerunfilecheck.sty (/opt/TinyTeX/texmf-dist/tex/generic/uniquecounter/uniquecounter.sty)))) (/opt/TinyTeX/texmf-dist/tex/latex/base/makeidx.sty)
Writing index file Rd2.idx
(/opt/TinyTeX/texmf-dist/tex/latex/psnfss/t1ptm.fd) (/opt/TinyTeX/texmf-dist/tex/latex/l3backend/l3backend-pdftex.def) (/tmp/RtmpvkMZNn/Rd2pdff6fdc454f4137/Rd2.aux) (/opt/TinyTeX/texmf-dist/tex/context/base/mkii/supp-pdf.mkii
[Loading MPS to PDF converter (version 2006.09.02).]
) (/tmp/RtmpvkMZNn/Rd2pdff6fdc454f4137/Rd2.out) (/tmp/RtmpvkMZNn/Rd2pdff6fdc454f4137/Rd2.out) (/opt/TinyTeX/texmf-dist/tex/latex/inconsolata/t1zi4.fd) (/opt/TinyTeX/texmf-dist/tex/latex/amsfonts/umsa.fd) (/opt/TinyTeX/texmf-dist/tex/latex/amsfonts/umsb.fd) (/tmp/RtmpvkMZNn/Rd2pdff6fdc454f4137/Rd2.toc
[1{/opt/TinyTeX/texmf-var/fonts/map/pdftex/updmap/pdftex.map}{/opt/TinyTeX/texmf-dist/fonts/enc/dvips/base/8r.enc}{/opt/TinyTeX/texmf-dist/fonts/enc/dvips/inconsolata/i4-t1-0.enc}]) (/opt/TinyTeX/texmf-dist/tex/latex/psnfss/ts1ptm.fd)
[2]
[3]
[4]
Overfull \hbox (2.13995pt too wide) in paragraph at lines 382--383
[]\T1/ptm/m/n/10 Fully spec-i-fied name of

Overfull \hbox (68.88725pt too wide) in paragraph at lines 384--385
[]\T1/ptm/m/n/10 Fully spec-i-fied name of the ta-ble in the database (e.g. \[db\].\[dbo\].\[table_name\]). 

Overfull \hbox (91.38725pt too wide) in paragraph at lines 386--387
[]\T1/ptm/m/n/10 Fully spec-i-fied name of the ta-ble in the database (e.g. \[db\].\[dbo\].\[table_name\])

[5]
Overfull \hbox (23.98851pt too wide) in paragraph at lines 388--389
[]\T1/ptm/m/n/10 The types of each col-umn in the database ta-ble (IN-TE-GER, DOU-BLE, TEXT, BOOLEAN,

Overfull \hbox (6.447pt too wide) in paragraph at lines 398--399
[]\T1/ptm/m/n/10 A func-tion that val-i-dates the data be-fore it is in-serted into the database. 

[6]
[7]
[8]
Overfull \hbox (9.24458pt too wide) in paragraph at lines 824--827
[]\T1/ptm/b/n/10 Method []\T1/zi4/m/n/10 print_dplyr_select()[]\T1/ptm/b/n/10 :  \T1/ptm/m/n/10 Prints a tem-plate dplyr::select call that you can eas-ily copy/paste

[9]
[10]
[11] (/opt/TinyTeX/texmf-dist/tex/latex/inconsolata/ts1zi4.fd)
[12{/opt/TinyTeX/texmf-dist/fonts/enc/dvips/inconsolata/i4-ts1.enc}]
[13]
[14]
Overfull \hbox (74.78088pt too wide) in paragraph at lines 1218--1219
[][][]$\T1/zi4/m/n/10 https : / / github . com / folkehelseinstituttet / surveillance _ data / blob / master / covid19 / _DOCUMENTATION _

[15]
[16]
[17]
[18]
[19] (/tmp/RtmpvkMZNn/Rd2pdff6fdc454f4137/Rd2.ind
[20]
Overfull \hbox (3.3567pt too wide) in paragraph at lines 4--6
[]| \T1/zi4/m/n/10 nor_covid19_cases_by_time_location\T1/ptm/m/n/10 , 

Overfull \hbox (23.3567pt too wide) in paragraph at lines 28--30
[]\T1/zi4/m/n/10 validator_field_contents_csfmt_rts_data_v1\T1/ptm/m/n/10 , 

Overfull \hbox (23.3567pt too wide) in paragraph at lines 30--32
[]\T1/zi4/m/n/10 validator_field_contents_csfmt_rts_data_v2\T1/ptm/m/n/10 , 

Overfull \hbox (8.3567pt too wide) in paragraph at lines 33--35
[]\T1/zi4/m/n/10 validator_field_types_csfmt_rts_data_v1\T1/ptm/m/n/10 , 

Overfull \hbox (8.3567pt too wide) in paragraph at lines 35--37
[]\T1/zi4/m/n/10 validator_field_types_csfmt_rts_data_v2\T1/ptm/m/n/10 , 


[21]) (/tmp/RtmpvkMZNn/Rd2pdff6fdc454f4137/Rd2.aux)

Package rerunfilecheck Warning: File `Rd2.out' has changed.
(rerunfilecheck)                Rerun to get outlines right
(rerunfilecheck)                or use package `bookmark'.

 )
(see the transcript file for additional information)
pdfTeX warning (dest): name{Rfn.dbRemoveTable} has been referenced but does not exist, replaced by a fixed one


pdfTeX warning (dest): name{Rfn.dbConnect} has been referenced but does not exist, replaced by a fixed one

</opt/TinyTeX/texmf-dist/fonts/type1/public/inconsolata/Inconsolata-zi4r.pfb></opt/TinyTeX/texmf-dist/fonts/type1/public/amsfonts/cm/cmsy10.pfb></opt/TinyTeX/texmf-dist/fonts/type1/urw/times/utmb8a.pfb></opt/TinyTeX/texmf-dist/fonts/type1/urw/times/utmr8a.pfb></opt/TinyTeX/texmf-dist/fonts/type1/urw/times/utmr8a.pfb></opt/TinyTeX/texmf-dist/fonts/type1/urw/times/utmri8a.pfb>
Output written on Rd2.pdf (21 pages, 125046 bytes).
Transcript written on Rd2.log.
This is makeindex, version 2.15 [TeX Live 2022/dev] (kpathsea + Thai support).
Scanning input file Rd2.idx....done (17 entries accepted, 0 rejected).
Sorting entries....done (72 comparisons).
Generating output file Rd2.ind....done (38 lines written, 0 warnings).
Output written in Rd2.ind.
Transcript written in Rd2.ilg.
This is pdfTeX, Version 3.141592653-2.6-1.40.27 (TeX Live 2025) (preloaded format=pdflatex)
 restricted \write18 enabled.
entering extended mode
LaTeX2e <2024-11-01> patch level 2
L3 programming layer <2025-04-14>
(./Rd2.tex
(/opt/TinyTeX/texmf-dist/tex/latex/base/book.cls
Document Class: book 2024/06/29 v1.4n Standard LaTeX document class
(/opt/TinyTeX/texmf-dist/tex/latex/base/bk10.clo)) (/opt/R/4.4.1/lib/R/share/texmf/tex/latex/Rd.sty (/opt/TinyTeX/texmf-dist/tex/latex/base/ifthen.sty) (/opt/TinyTeX/texmf-dist/tex/generic/iftex/iftex.sty) (/opt/TinyTeX/texmf-dist/tex/latex/tools/longtable.sty) (/opt/TinyTeX/texmf-dist/tex/latex/tools/bm.sty) (/opt/TinyTeX/texmf-dist/tex/latex/base/alltt.sty) (/opt/TinyTeX/texmf-dist/tex/latex/tools/verbatim.sty) (/opt/TinyTeX/texmf-dist/tex/latex/url/url.sty) (/opt/TinyTeX/texmf-dist/tex/latex/base/textcomp.sty) (/opt/TinyTeX/texmf-dist/tex/latex/amsmath/amsmath.sty
For additional information on amsmath, use the `?' option.
(/opt/TinyTeX/texmf-dist/tex/latex/amsmath/amstext.sty (/opt/TinyTeX/texmf-dist/tex/latex/amsmath/amsgen.sty)) (/opt/TinyTeX/texmf-dist/tex/latex/amsmath/amsbsy.sty) (/opt/TinyTeX/texmf-dist/tex/latex/amsmath/amsopn.sty)) (/opt/TinyTeX/texmf-dist/tex/latex/amsfonts/amsfonts.sty) (/opt/TinyTeX/texmf-dist/tex/latex/amsfonts/amssymb.sty) (/opt/TinyTeX/texmf-dist/tex/latex/amsfonts/eucal.sty) (/opt/TinyTeX/texmf-dist/tex/latex/base/fontenc.sty) (/opt/TinyTeX/texmf-dist/tex/latex/psnfss/times.sty) (/opt/TinyTeX/texmf-dist/tex/latex/inconsolata/zi4.sty `inconsolata-zi4' v1.12, 2019/05/17 Text macros for Inconsolata (msharpe) (/opt/TinyTeX/texmf-dist/tex/latex/xkeyval/xkeyval.sty (/opt/TinyTeX/texmf-dist/tex/generic/xkeyval/xkeyval.tex (/opt/TinyTeX/texmf-dist/tex/generic/xkeyval/xkvutils.tex (/opt/TinyTeX/texmf-dist/tex/generic/xkeyval/keyval.tex))))) (/opt/TinyTeX/texmf-dist/tex/latex/graphics/color.sty (/opt/TinyTeX/texmf-dist/tex/latex/graphics-cfg/color.cfg) (/opt/TinyTeX/texmf-dist/tex/latex/graphics-def/pdftex.def) (/opt/TinyTeX/texmf-dist/tex/latex/graphics/mathcolor.ltx)) (/opt/TinyTeX/texmf-dist/tex/latex/hyperref/hyperref.sty (/opt/TinyTeX/texmf-dist/tex/latex/kvsetkeys/kvsetkeys.sty) (/opt/TinyTeX/texmf-dist/tex/generic/kvdefinekeys/kvdefinekeys.sty) (/opt/TinyTeX/texmf-dist/tex/generic/pdfescape/pdfescape.sty (/opt/TinyTeX/texmf-dist/tex/generic/ltxcmds/ltxcmds.sty) (/opt/TinyTeX/texmf-dist/tex/generic/pdftexcmds/pdftexcmds.sty (/opt/TinyTeX/texmf-dist/tex/generic/infwarerr/infwarerr.sty))) (/opt/TinyTeX/texmf-dist/tex/latex/hycolor/hycolor.sty) (/opt/TinyTeX/texmf-dist/tex/latex/hyperref/nameref.sty (/opt/TinyTeX/texmf-dist/tex/latex/refcount/refcount.sty) (/opt/TinyTeX/texmf-dist/tex/generic/gettitlestring/gettitlestring.sty (/opt/TinyTeX/texmf-dist/tex/latex/kvoptions/kvoptions.sty))) (/opt/TinyTeX/texmf-dist/tex/latex/etoolbox/etoolbox.sty) (/opt/TinyTeX/texmf-dist/tex/generic/stringenc/stringenc.sty) (/opt/TinyTeX/texmf-dist/tex/latex/hyperref/pd1enc.def) (/opt/TinyTeX/texmf-dist/tex/generic/intcalc/intcalc.sty) (/opt/TinyTeX/texmf-dist/tex/latex/hyperref/puenc.def) (/opt/TinyTeX/texmf-dist/tex/generic/bitset/bitset.sty (/opt/TinyTeX/texmf-dist/tex/generic/bigintcalc/bigintcalc.sty)) (/opt/TinyTeX/texmf-dist/tex/latex/base/atbegshi-ltx.sty)) (/opt/TinyTeX/texmf-dist/tex/latex/hyperref/hpdftex.def (/opt/TinyTeX/texmf-dist/tex/latex/base/atveryend-ltx.sty) (/opt/TinyTeX/texmf-dist/tex/latex/rerunfilecheck/rerunfilecheck.sty (/opt/TinyTeX/texmf-dist/tex/generic/uniquecounter/uniquecounter.sty)))) (/opt/TinyTeX/texmf-dist/tex/latex/base/makeidx.sty)
Writing index file Rd2.idx
(/opt/TinyTeX/texmf-dist/tex/latex/psnfss/t1ptm.fd) (/opt/TinyTeX/texmf-dist/tex/latex/l3backend/l3backend-pdftex.def) (/tmp/RtmpvkMZNn/Rd2pdff6fdc454f4137/Rd2.aux) (/opt/TinyTeX/texmf-dist/tex/context/base/mkii/supp-pdf.mkii
[Loading MPS to PDF converter (version 2006.09.02).]
) (/tmp/RtmpvkMZNn/Rd2pdff6fdc454f4137/Rd2.out) (/tmp/RtmpvkMZNn/Rd2pdff6fdc454f4137/Rd2.out) (/opt/TinyTeX/texmf-dist/tex/latex/inconsolata/t1zi4.fd) (/opt/TinyTeX/texmf-dist/tex/latex/amsfonts/umsa.fd) (/opt/TinyTeX/texmf-dist/tex/latex/amsfonts/umsb.fd) (/tmp/RtmpvkMZNn/Rd2pdff6fdc454f4137/Rd2.toc
[1{/opt/TinyTeX/texmf-var/fonts/map/pdftex/updmap/pdftex.map}{/opt/TinyTeX/texmf-dist/fonts/enc/dvips/base/8r.enc}{/opt/TinyTeX/texmf-dist/fonts/enc/dvips/inconsolata/i4-t1-0.enc}]) (/opt/TinyTeX/texmf-dist/tex/latex/psnfss/ts1ptm.fd)
[2]
[3]
[4]
[5]
Overfull \hbox (2.13995pt too wide) in paragraph at lines 382--383
[]\T1/ptm/m/n/10 Fully spec-i-fied name of

Overfull \hbox (68.88725pt too wide) in paragraph at lines 384--385
[]\T1/ptm/m/n/10 Fully spec-i-fied name of the ta-ble in the database (e.g. \[db\].\[dbo\].\[table_name\]). 

Overfull \hbox (91.38725pt too wide) in paragraph at lines 386--387
[]\T1/ptm/m/n/10 Fully spec-i-fied name of the ta-ble in the database (e.g. \[db\].\[dbo\].\[table_name\])

Overfull \hbox (23.98851pt too wide) in paragraph at lines 388--389
[]\T1/ptm/m/n/10 The types of each col-umn in the database ta-ble (IN-TE-GER, DOU-BLE, TEXT, BOOLEAN,

Overfull \hbox (6.447pt too wide) in paragraph at lines 398--399
[]\T1/ptm/m/n/10 A func-tion that val-i-dates the data be-fore it is in-serted into the database. 

[6]
[7]
[8]
Overfull \hbox (9.24458pt too wide) in paragraph at lines 824--827
[]\T1/ptm/b/n/10 Method []\T1/zi4/m/n/10 print_dplyr_select()[]\T1/ptm/b/n/10 :  \T1/ptm/m/n/10 Prints a tem-plate dplyr::select call that you can eas-ily copy/paste

[9]
[10]
[11] (/opt/TinyTeX/texmf-dist/tex/latex/inconsolata/ts1zi4.fd)
[12{/opt/TinyTeX/texmf-dist/fonts/enc/dvips/inconsolata/i4-ts1.enc}]
[13]
[14]
Overfull \hbox (74.78088pt too wide) in paragraph at lines 1218--1219
[][][]$\T1/zi4/m/n/10 https : / / github . com / folkehelseinstituttet / surveillance _ data / blob / master / covid19 / _DOCUMENTATION _

[15]
[16]
[17]
[18]
[19] (/tmp/RtmpvkMZNn/Rd2pdff6fdc454f4137/Rd2.ind
[20]
Overfull \hbox (3.3567pt too wide) in paragraph at lines 4--6
[]| \T1/zi4/m/n/10 nor_covid19_cases_by_time_location\T1/ptm/m/n/10 , 

Overfull \hbox (23.3567pt too wide) in paragraph at lines 28--30
[]\T1/zi4/m/n/10 validator_field_contents_csfmt_rts_data_v1\T1/ptm/m/n/10 , 

Overfull \hbox (23.3567pt too wide) in paragraph at lines 30--32
[]\T1/zi4/m/n/10 validator_field_contents_csfmt_rts_data_v2\T1/ptm/m/n/10 , 

Overfull \hbox (8.3567pt too wide) in paragraph at lines 33--35
[]\T1/zi4/m/n/10 validator_field_types_csfmt_rts_data_v1\T1/ptm/m/n/10 , 

Overfull \hbox (8.3567pt too wide) in paragraph at lines 35--37
[]\T1/zi4/m/n/10 validator_field_types_csfmt_rts_data_v2\T1/ptm/m/n/10 , 


[21]) (/tmp/RtmpvkMZNn/Rd2pdff6fdc454f4137/Rd2.aux) )
(see the transcript file for additional information)
pdfTeX warning (dest): name{Rfn.dbRemoveTable} has been referenced but does not exist, replaced by a fixed one


pdfTeX warning (dest): name{Rfn.dbConnect} has been referenced but does not exist, replaced by a fixed one

</opt/TinyTeX/texmf-dist/fonts/type1/public/inconsolata/Inconsolata-zi4r.pfb></opt/TinyTeX/texmf-dist/fonts/type1/public/amsfonts/cm/cmsy10.pfb></opt/TinyTeX/texmf-dist/fonts/type1/urw/times/utmb8a.pfb></opt/TinyTeX/texmf-dist/fonts/type1/urw/times/utmr8a.pfb></opt/TinyTeX/texmf-dist/fonts/type1/urw/times/utmr8a.pfb></opt/TinyTeX/texmf-dist/fonts/type1/urw/times/utmri8a.pfb>
Output written on Rd2.pdf (21 pages, 125203 bytes).
Transcript written on Rd2.log.
This is makeindex, version 2.15 [TeX Live 2022/dev] (kpathsea + Thai support).
Scanning input file Rd2.idx....done (17 entries accepted, 0 rejected).
Sorting entries....done (71 comparisons).
Generating output file Rd2.ind....done (38 lines written, 0 warnings).
Output written in Rd2.ind.
Transcript written in Rd2.ilg.
This is pdfTeX, Version 3.141592653-2.6-1.40.27 (TeX Live 2025) (preloaded format=pdflatex)
 restricted \write18 enabled.
entering extended mode
LaTeX2e <2024-11-01> patch level 2
L3 programming layer <2025-04-14>
(./Rd2.tex
(/opt/TinyTeX/texmf-dist/tex/latex/base/book.cls
Document Class: book 2024/06/29 v1.4n Standard LaTeX document class
(/opt/TinyTeX/texmf-dist/tex/latex/base/bk10.clo)) (/opt/R/4.4.1/lib/R/share/texmf/tex/latex/Rd.sty (/opt/TinyTeX/texmf-dist/tex/latex/base/ifthen.sty) (/opt/TinyTeX/texmf-dist/tex/generic/iftex/iftex.sty) (/opt/TinyTeX/texmf-dist/tex/latex/tools/longtable.sty) (/opt/TinyTeX/texmf-dist/tex/latex/tools/bm.sty) (/opt/TinyTeX/texmf-dist/tex/latex/base/alltt.sty) (/opt/TinyTeX/texmf-dist/tex/latex/tools/verbatim.sty) (/opt/TinyTeX/texmf-dist/tex/latex/url/url.sty) (/opt/TinyTeX/texmf-dist/tex/latex/base/textcomp.sty) (/opt/TinyTeX/texmf-dist/tex/latex/amsmath/amsmath.sty
For additional information on amsmath, use the `?' option.
(/opt/TinyTeX/texmf-dist/tex/latex/amsmath/amstext.sty (/opt/TinyTeX/texmf-dist/tex/latex/amsmath/amsgen.sty)) (/opt/TinyTeX/texmf-dist/tex/latex/amsmath/amsbsy.sty) (/opt/TinyTeX/texmf-dist/tex/latex/amsmath/amsopn.sty)) (/opt/TinyTeX/texmf-dist/tex/latex/amsfonts/amsfonts.sty) (/opt/TinyTeX/texmf-dist/tex/latex/amsfonts/amssymb.sty) (/opt/TinyTeX/texmf-dist/tex/latex/amsfonts/eucal.sty) (/opt/TinyTeX/texmf-dist/tex/latex/base/fontenc.sty) (/opt/TinyTeX/texmf-dist/tex/latex/psnfss/times.sty) (/opt/TinyTeX/texmf-dist/tex/latex/inconsolata/zi4.sty `inconsolata-zi4' v1.12, 2019/05/17 Text macros for Inconsolata (msharpe) (/opt/TinyTeX/texmf-dist/tex/latex/xkeyval/xkeyval.sty (/opt/TinyTeX/texmf-dist/tex/generic/xkeyval/xkeyval.tex (/opt/TinyTeX/texmf-dist/tex/generic/xkeyval/xkvutils.tex (/opt/TinyTeX/texmf-dist/tex/generic/xkeyval/keyval.tex))))) (/opt/TinyTeX/texmf-dist/tex/latex/graphics/color.sty (/opt/TinyTeX/texmf-dist/tex/latex/graphics-cfg/color.cfg) (/opt/TinyTeX/texmf-dist/tex/latex/graphics-def/pdftex.def) (/opt/TinyTeX/texmf-dist/tex/latex/graphics/mathcolor.ltx)) (/opt/TinyTeX/texmf-dist/tex/latex/hyperref/hyperref.sty (/opt/TinyTeX/texmf-dist/tex/latex/kvsetkeys/kvsetkeys.sty) (/opt/TinyTeX/texmf-dist/tex/generic/kvdefinekeys/kvdefinekeys.sty) (/opt/TinyTeX/texmf-dist/tex/generic/pdfescape/pdfescape.sty (/opt/TinyTeX/texmf-dist/tex/generic/ltxcmds/ltxcmds.sty) (/opt/TinyTeX/texmf-dist/tex/generic/pdftexcmds/pdftexcmds.sty (/opt/TinyTeX/texmf-dist/tex/generic/infwarerr/infwarerr.sty))) (/opt/TinyTeX/texmf-dist/tex/latex/hycolor/hycolor.sty) (/opt/TinyTeX/texmf-dist/tex/latex/hyperref/nameref.sty (/opt/TinyTeX/texmf-dist/tex/latex/refcount/refcount.sty) (/opt/TinyTeX/texmf-dist/tex/generic/gettitlestring/gettitlestring.sty (/opt/TinyTeX/texmf-dist/tex/latex/kvoptions/kvoptions.sty))) (/opt/TinyTeX/texmf-dist/tex/latex/etoolbox/etoolbox.sty) (/opt/TinyTeX/texmf-dist/tex/generic/stringenc/stringenc.sty) (/opt/TinyTeX/texmf-dist/tex/latex/hyperref/pd1enc.def) (/opt/TinyTeX/texmf-dist/tex/generic/intcalc/intcalc.sty) (/opt/TinyTeX/texmf-dist/tex/latex/hyperref/puenc.def) (/opt/TinyTeX/texmf-dist/tex/generic/bitset/bitset.sty (/opt/TinyTeX/texmf-dist/tex/generic/bigintcalc/bigintcalc.sty)) (/opt/TinyTeX/texmf-dist/tex/latex/base/atbegshi-ltx.sty)) (/opt/TinyTeX/texmf-dist/tex/latex/hyperref/hpdftex.def (/opt/TinyTeX/texmf-dist/tex/latex/base/atveryend-ltx.sty) (/opt/TinyTeX/texmf-dist/tex/latex/rerunfilecheck/rerunfilecheck.sty (/opt/TinyTeX/texmf-dist/tex/generic/uniquecounter/uniquecounter.sty)))) (/opt/TinyTeX/texmf-dist/tex/latex/base/makeidx.sty)
Writing index file Rd2.idx
(/opt/TinyTeX/texmf-dist/tex/latex/psnfss/t1ptm.fd) (/opt/TinyTeX/texmf-dist/tex/latex/l3backend/l3backend-pdftex.def) (/tmp/RtmpvkMZNn/Rd2pdff6fdc454f4137/Rd2.aux) (/opt/TinyTeX/texmf-dist/tex/context/base/mkii/supp-pdf.mkii
[Loading MPS to PDF converter (version 2006.09.02).]
) (/tmp/RtmpvkMZNn/Rd2pdff6fdc454f4137/Rd2.out) (/tmp/RtmpvkMZNn/Rd2pdff6fdc454f4137/Rd2.out) (/opt/TinyTeX/texmf-dist/tex/latex/inconsolata/t1zi4.fd) (/opt/TinyTeX/texmf-dist/tex/latex/amsfonts/umsa.fd) (/opt/TinyTeX/texmf-dist/tex/latex/amsfonts/umsb.fd) (/tmp/RtmpvkMZNn/Rd2pdff6fdc454f4137/Rd2.toc
[1{/opt/TinyTeX/texmf-var/fonts/map/pdftex/updmap/pdftex.map}{/opt/TinyTeX/texmf-dist/fonts/enc/dvips/base/8r.enc}{/opt/TinyTeX/texmf-dist/fonts/enc/dvips/inconsolata/i4-t1-0.enc}]) (/opt/TinyTeX/texmf-dist/tex/latex/psnfss/ts1ptm.fd)
[2]
[3]
[4]
[5]
Overfull \hbox (2.13995pt too wide) in paragraph at lines 382--383
[]\T1/ptm/m/n/10 Fully spec-i-fied name of

Overfull \hbox (68.88725pt too wide) in paragraph at lines 384--385
[]\T1/ptm/m/n/10 Fully spec-i-fied name of the ta-ble in the database (e.g. \[db\].\[dbo\].\[table_name\]). 

Overfull \hbox (91.38725pt too wide) in paragraph at lines 386--387
[]\T1/ptm/m/n/10 Fully spec-i-fied name of the ta-ble in the database (e.g. \[db\].\[dbo\].\[table_name\])

Overfull \hbox (23.98851pt too wide) in paragraph at lines 388--389
[]\T1/ptm/m/n/10 The types of each col-umn in the database ta-ble (IN-TE-GER, DOU-BLE, TEXT, BOOLEAN,

Overfull \hbox (6.447pt too wide) in paragraph at lines 398--399
[]\T1/ptm/m/n/10 A func-tion that val-i-dates the data be-fore it is in-serted into the database. 

[6]
[7]
[8]
Overfull \hbox (9.24458pt too wide) in paragraph at lines 824--827
[]\T1/ptm/b/n/10 Method []\T1/zi4/m/n/10 print_dplyr_select()[]\T1/ptm/b/n/10 :  \T1/ptm/m/n/10 Prints a tem-plate dplyr::select call that you can eas-ily copy/paste

[9]
[10]
[11] (/opt/TinyTeX/texmf-dist/tex/latex/inconsolata/ts1zi4.fd)
[12{/opt/TinyTeX/texmf-dist/fonts/enc/dvips/inconsolata/i4-ts1.enc}]
[13]
[14]
Overfull \hbox (74.78088pt too wide) in paragraph at lines 1218--1219
[][][]$\T1/zi4/m/n/10 https : / / github . com / folkehelseinstituttet / surveillance _ data / blob / master / covid19 / _DOCUMENTATION _

[15]
[16]
[17]
[18]
[19] (/tmp/RtmpvkMZNn/Rd2pdff6fdc454f4137/Rd2.ind
[20]
Overfull \hbox (3.3567pt too wide) in paragraph at lines 4--6
[]| \T1/zi4/m/n/10 nor_covid19_cases_by_time_location\T1/ptm/m/n/10 , 

Overfull \hbox (23.3567pt too wide) in paragraph at lines 28--30
[]\T1/zi4/m/n/10 validator_field_contents_csfmt_rts_data_v1\T1/ptm/m/n/10 , 

Overfull \hbox (23.3567pt too wide) in paragraph at lines 30--32
[]\T1/zi4/m/n/10 validator_field_contents_csfmt_rts_data_v2\T1/ptm/m/n/10 , 

Overfull \hbox (8.3567pt too wide) in paragraph at lines 33--35
[]\T1/zi4/m/n/10 validator_field_types_csfmt_rts_data_v1\T1/ptm/m/n/10 , 

Overfull \hbox (8.3567pt too wide) in paragraph at lines 35--37
[]\T1/zi4/m/n/10 validator_field_types_csfmt_rts_data_v2\T1/ptm/m/n/10 , 


[21]) (/tmp/RtmpvkMZNn/Rd2pdff6fdc454f4137/Rd2.aux) )
(see the transcript file for additional information)
pdfTeX warning (dest): name{Rfn.dbRemoveTable} has been referenced but does not exist, replaced by a fixed one


pdfTeX warning (dest): name{Rfn.dbConnect} has been referenced but does not exist, replaced by a fixed one

</opt/TinyTeX/texmf-dist/fonts/type1/public/inconsolata/Inconsolata-zi4r.pfb></opt/TinyTeX/texmf-dist/fonts/type1/public/amsfonts/cm/cmsy10.pfb></opt/TinyTeX/texmf-dist/fonts/type1/urw/times/utmb8a.pfb></opt/TinyTeX/texmf-dist/fonts/type1/urw/times/utmr8a.pfb></opt/TinyTeX/texmf-dist/fonts/type1/urw/times/utmr8a.pfb></opt/TinyTeX/texmf-dist/fonts/type1/urw/times/utmri8a.pfb>
Output written on Rd2.pdf (21 pages, 125373 bytes).
Transcript written on Rd2.log.
Saving output to ‘csdb-manual.pdf’ ...
Done
You may want to clean up by 'rm -Rf /tmp/RtmpvkMZNn/Rd2pdff6fdc454f4137'
